<?xml version="1.0" encoding="UTF-8"?>
<coverage generated="1702161594706" clover="3.2.0">
  <project timestamp="1702161594706" name="All files">
    <metrics statements="45" coveredstatements="43" conditionals="53" coveredconditionals="43" methods="9" coveredmethods="7" elements="107" coveredelements="93" complexity="0" loc="45" ncloc="45" packages="1" files="7" classes="7"/>
    <file name="filter.js" path="/Users/ducanhpham/Desktop/tuni/COMP.SE.200-2023-2024-1/src/filter.js">
      <metrics statements="9" coveredstatements="9" conditionals="4" coveredconditionals="4" methods="1" coveredmethods="1"/>
      <line num="25" count="5" type="stmt"/>
      <line num="26" count="5" type="stmt"/>
      <line num="27" count="5" type="cond" truecount="2" falsecount="0"/>
      <line num="28" count="5" type="stmt"/>
      <line num="30" count="5" type="stmt"/>
      <line num="31" count="6" type="stmt"/>
      <line num="32" count="6" type="cond" truecount="2" falsecount="0"/>
      <line num="33" count="3" type="stmt"/>
      <line num="36" count="5" type="stmt"/>
    </file>
    <file name="isDate.js" path="/Users/ducanhpham/Desktop/tuni/COMP.SE.200-2023-2024-1/src/isDate.js">
      <metrics statements="4" coveredstatements="3" conditionals="6" coveredconditionals="3" methods="2" coveredmethods="1"/>
      <line num="6" count="1" type="cond" truecount="2" falsecount="0"/>
      <line num="23" count="1" type="cond" truecount="1" falsecount="1"/>
      <line num="24" count="11" type="stmt"/>
      <line num="25" count="0" type="cond" truecount="0" falsecount="2"/>
    </file>
    <file name="isObject.js" path="/Users/ducanhpham/Desktop/tuni/COMP.SE.200-2023-2024-1/src/isObject.js">
      <metrics statements="2" coveredstatements="2" conditionals="3" coveredconditionals="3" methods="1" coveredmethods="1"/>
      <line num="25" count="19" type="stmt"/>
      <line num="26" count="19" type="cond" truecount="3" falsecount="0"/>
    </file>
    <file name="isObjectLike.js" path="/Users/ducanhpham/Desktop/tuni/COMP.SE.200-2023-2024-1/src/isObjectLike.js">
      <metrics statements="1" coveredstatements="0" conditionals="2" coveredconditionals="0" methods="1" coveredmethods="0"/>
      <line num="24" count="0" type="cond" truecount="0" falsecount="2"/>
    </file>
    <file name="isSymbol.js" path="/Users/ducanhpham/Desktop/tuni/COMP.SE.200-2023-2024-1/src/isSymbol.js">
      <metrics statements="2" coveredstatements="2" conditionals="4" coveredconditionals="4" methods="1" coveredmethods="1"/>
      <line num="19" count="26" type="stmt"/>
      <line num="20" count="26" type="cond" truecount="4" falsecount="0"/>
    </file>
    <file name="toNumber.js" path="/Users/ducanhpham/Desktop/tuni/COMP.SE.200-2023-2024-1/src/toNumber.js">
      <metrics statements="18" coveredstatements="18" conditionals="22" coveredconditionals="18" methods="1" coveredmethods="1"/>
      <line num="5" count="1" type="stmt"/>
      <line num="8" count="1" type="stmt"/>
      <line num="11" count="1" type="stmt"/>
      <line num="14" count="1" type="stmt"/>
      <line num="17" count="1" type="stmt"/>
      <line num="20" count="1" type="stmt"/>
      <line num="45" count="22" type="cond" truecount="2" falsecount="0"/>
      <line num="46" count="5" type="stmt"/>
      <line num="48" count="17" type="cond" truecount="2" falsecount="0"/>
      <line num="49" count="1" type="stmt"/>
      <line num="51" count="16" type="cond" truecount="2" falsecount="0"/>
      <line num="52" count="3" type="cond" truecount="1" falsecount="1"/>
      <line num="53" count="3" type="cond" truecount="1" falsecount="1"/>
      <line num="55" count="16" type="cond" truecount="2" falsecount="0"/>
      <line num="56" count="4" type="cond" truecount="1" falsecount="1"/>
      <line num="58" count="12" type="stmt"/>
      <line num="59" count="12" type="stmt"/>
      <line num="60" count="12" type="cond" truecount="4" falsecount="0"/>
    </file>
    <file name="toString.js" path="/Users/ducanhpham/Desktop/tuni/COMP.SE.200-2023-2024-1/src/toString.js">
      <metrics statements="9" coveredstatements="9" conditionals="12" coveredconditionals="11" methods="2" coveredmethods="2"/>
      <line num="4" count="1" type="stmt"/>
      <line num="28" count="14" type="cond" truecount="2" falsecount="0"/>
      <line num="29" count="3" type="stmt"/>
      <line num="31" count="11" type="cond" truecount="2" falsecount="0"/>
      <line num="33" count="3" type="cond" truecount="1" falsecount="1"/>
      <line num="35" count="9" type="cond" truecount="2" falsecount="0"/>
      <line num="36" count="1" type="stmt"/>
      <line num="38" count="8" type="stmt"/>
      <line num="39" count="8" type="cond" truecount="4" falsecount="0"/>
    </file>
  </project>
</coverage>
