<?xml version="1.0" encoding="UTF-8"?>
<coverage generated="1702249049678" clover="3.2.0">
  <project timestamp="1702249049678" name="All files">
    <metrics statements="121" coveredstatements="115" conditionals="154" coveredconditionals="128" methods="25" coveredmethods="22" elements="300" coveredelements="265" complexity="0" loc="121" ncloc="121" packages="1" files="22" classes="22"/>
    <file name="capitalize.js" path="/Users/ducanhpham/Desktop/tuni/COMP.SE.200-2023-2024-1/src/capitalize.js">
      <metrics statements="1" coveredstatements="1" conditionals="0" coveredconditionals="0" methods="1" coveredmethods="1"/>
      <line num="17" count="12" type="stmt"/>
    </file>
    <file name="clamp.js" path="/Users/ducanhpham/Desktop/tuni/COMP.SE.200-2023-2024-1/src/clamp.js">
      <metrics statements="9" coveredstatements="9" conditionals="10" coveredconditionals="9" methods="1" coveredmethods="1"/>
      <line num="19" count="5" type="stmt"/>
      <line num="20" count="5" type="stmt"/>
      <line num="21" count="5" type="stmt"/>
      <line num="22" count="5" type="cond" truecount="2" falsecount="0"/>
      <line num="23" count="5" type="cond" truecount="2" falsecount="0"/>
      <line num="24" count="5" type="cond" truecount="2" falsecount="0"/>
      <line num="25" count="4" type="cond" truecount="1" falsecount="1"/>
      <line num="26" count="4" type="cond" truecount="2" falsecount="0"/>
      <line num="28" count="5" type="stmt"/>
    </file>
    <file name="eq.js" path="/Users/ducanhpham/Desktop/tuni/COMP.SE.200-2023-2024-1/src/eq.js">
      <metrics statements="1" coveredstatements="1" conditionals="3" coveredconditionals="3" methods="1" coveredmethods="1"/>
      <line num="32" count="19" type="cond" truecount="3" falsecount="0"/>
    </file>
    <file name="filter.js" path="/Users/ducanhpham/Desktop/tuni/COMP.SE.200-2023-2024-1/src/filter.js">
      <metrics statements="9" coveredstatements="9" conditionals="4" coveredconditionals="4" methods="1" coveredmethods="1"/>
      <line num="25" count="5" type="stmt"/>
      <line num="26" count="5" type="stmt"/>
      <line num="27" count="5" type="cond" truecount="2" falsecount="0"/>
      <line num="28" count="5" type="stmt"/>
      <line num="30" count="5" type="stmt"/>
      <line num="31" count="6" type="stmt"/>
      <line num="32" count="6" type="cond" truecount="2" falsecount="0"/>
      <line num="33" count="3" type="stmt"/>
      <line num="36" count="5" type="stmt"/>
    </file>
    <file name="get.js" path="/Users/ducanhpham/Desktop/tuni/COMP.SE.200-2023-2024-1/src/get.js">
      <metrics statements="2" coveredstatements="2" conditionals="4" coveredconditionals="4" methods="1" coveredmethods="1"/>
      <line num="28" count="9" type="cond" truecount="2" falsecount="0"/>
      <line num="29" count="9" type="cond" truecount="2" falsecount="0"/>
    </file>
    <file name="isArguments.js" path="/Users/ducanhpham/Desktop/tuni/COMP.SE.200-2023-2024-1/src/isArguments.js">
      <metrics statements="1" coveredstatements="1" conditionals="2" coveredconditionals="2" methods="1" coveredmethods="1"/>
      <line num="20" count="2" type="cond" truecount="2" falsecount="0"/>
    </file>
    <file name="isArrayLike.js" path="/Users/ducanhpham/Desktop/tuni/COMP.SE.200-2023-2024-1/src/isArrayLike.js">
      <metrics statements="1" coveredstatements="1" conditionals="3" coveredconditionals="3" methods="1" coveredmethods="1"/>
      <line num="27" count="30" type="cond" truecount="3" falsecount="0"/>
    </file>
    <file name="isBuffer.js" path="/Users/ducanhpham/Desktop/tuni/COMP.SE.200-2023-2024-1/src/isBuffer.js">
      <metrics statements="6" coveredstatements="6" conditionals="17" coveredconditionals="14" methods="1" coveredmethods="0"/>
      <line num="4" count="2" type="cond" truecount="4" falsecount="0"/>
      <line num="7" count="2" type="cond" truecount="5" falsecount="0"/>
      <line num="10" count="2" type="cond" truecount="2" falsecount="0"/>
      <line num="13" count="2" type="cond" truecount="1" falsecount="1"/>
      <line num="16" count="2" type="cond" truecount="1" falsecount="1"/>
      <line num="33" count="2" type="cond" truecount="1" falsecount="1"/>
    </file>
    <file name="isDate.js" path="/Users/ducanhpham/Desktop/tuni/COMP.SE.200-2023-2024-1/src/isDate.js">
      <metrics statements="4" coveredstatements="3" conditionals="6" coveredconditionals="3" methods="2" coveredmethods="1"/>
      <line num="6" count="1" type="cond" truecount="2" falsecount="0"/>
      <line num="23" count="1" type="cond" truecount="1" falsecount="1"/>
      <line num="24" count="11" type="stmt"/>
      <line num="25" count="0" type="cond" truecount="0" falsecount="2"/>
    </file>
    <file name="isEmpty.js" path="/Users/ducanhpham/Desktop/tuni/COMP.SE.200-2023-2024-1/src/isEmpty.js">
      <metrics statements="14" coveredstatements="14" conditionals="19" coveredconditionals="18" methods="1" coveredmethods="1"/>
      <line num="9" count="1" type="stmt"/>
      <line num="46" count="24" type="cond" truecount="2" falsecount="0"/>
      <line num="47" count="1" type="stmt"/>
      <line num="49" count="23" type="cond" truecount="9" falsecount="0"/>
      <line num="52" count="12" type="stmt"/>
      <line num="54" count="11" type="stmt"/>
      <line num="55" count="11" type="cond" truecount="4" falsecount="0"/>
      <line num="56" count="4" type="stmt"/>
      <line num="58" count="7" type="cond" truecount="2" falsecount="0"/>
      <line num="59" count="1" type="stmt"/>
      <line num="61" count="6" type="stmt"/>
      <line num="62" count="2" type="cond" truecount="1" falsecount="1"/>
      <line num="63" count="2" type="stmt"/>
      <line num="66" count="4" type="stmt"/>
    </file>
    <file name="isLength.js" path="/Users/ducanhpham/Desktop/tuni/COMP.SE.200-2023-2024-1/src/isLength.js">
      <metrics statements="2" coveredstatements="2" conditionals="4" coveredconditionals="4" methods="1" coveredmethods="1"/>
      <line num="2" count="2" type="stmt"/>
      <line num="29" count="30" type="cond" truecount="4" falsecount="0"/>
    </file>
    <file name="isObject.js" path="/Users/ducanhpham/Desktop/tuni/COMP.SE.200-2023-2024-1/src/isObject.js">
      <metrics statements="2" coveredstatements="2" conditionals="3" coveredconditionals="3" methods="1" coveredmethods="1"/>
      <line num="25" count="24" type="stmt"/>
      <line num="26" count="24" type="cond" truecount="3" falsecount="0"/>
    </file>
    <file name="isObjectLike.js" path="/Users/ducanhpham/Desktop/tuni/COMP.SE.200-2023-2024-1/src/isObjectLike.js">
      <metrics statements="1" coveredstatements="1" conditionals="2" coveredconditionals="2" methods="1" coveredmethods="1"/>
      <line num="24" count="2" type="cond" truecount="2" falsecount="0"/>
    </file>
    <file name="isSymbol.js" path="/Users/ducanhpham/Desktop/tuni/COMP.SE.200-2023-2024-1/src/isSymbol.js">
      <metrics statements="2" coveredstatements="2" conditionals="4" coveredconditionals="4" methods="1" coveredmethods="1"/>
      <line num="19" count="39" type="stmt"/>
      <line num="20" count="39" type="cond" truecount="4" falsecount="0"/>
    </file>
    <file name="isTypedArray.js" path="/Users/ducanhpham/Desktop/tuni/COMP.SE.200-2023-2024-1/src/isTypedArray.js">
      <metrics statements="5" coveredstatements="4" conditionals="6" coveredconditionals="3" methods="2" coveredmethods="1"/>
      <line num="6" count="2" type="stmt"/>
      <line num="9" count="2" type="cond" truecount="2" falsecount="0"/>
      <line num="26" count="2" type="cond" truecount="1" falsecount="1"/>
      <line num="27" count="4" type="stmt"/>
      <line num="28" count="0" type="cond" truecount="0" falsecount="2"/>
    </file>
    <file name="keys.js" path="/Users/ducanhpham/Desktop/tuni/COMP.SE.200-2023-2024-1/src/keys.js">
      <metrics statements="1" coveredstatements="1" conditionals="2" coveredconditionals="1" methods="1" coveredmethods="1"/>
      <line num="32" count="3" type="cond" truecount="1" falsecount="1"/>
    </file>
    <file name="memoize.js" path="/Users/ducanhpham/Desktop/tuni/COMP.SE.200-2023-2024-1/src/memoize.js">
      <metrics statements="13" coveredstatements="12" conditionals="13" coveredconditionals="9" methods="2" coveredmethods="2"/>
      <line num="44" count="1" type="cond" truecount="4" falsecount="1"/>
      <line num="45" count="0" type="stmt"/>
      <line num="47" count="1" type="stmt"/>
      <line num="48" count="5" type="cond" truecount="1" falsecount="1"/>
      <line num="49" count="5" type="stmt"/>
      <line num="51" count="5" type="cond" truecount="2" falsecount="0"/>
      <line num="52" count="1" type="stmt"/>
      <line num="54" count="4" type="stmt"/>
      <line num="55" count="4" type="cond" truecount="1" falsecount="1"/>
      <line num="56" count="4" type="stmt"/>
      <line num="58" count="1" type="cond" truecount="1" falsecount="1"/>
      <line num="59" count="1" type="stmt"/>
      <line num="62" count="1" type="stmt"/>
    </file>
    <file name="reduce.js" path="/Users/ducanhpham/Desktop/tuni/COMP.SE.200-2023-2024-1/src/reduce.js">
      <metrics statements="3" coveredstatements="3" conditionals="2" coveredconditionals="2" methods="1" coveredmethods="1"/>
      <line num="39" count="10" type="cond" truecount="2" falsecount="0"/>
      <line num="40" count="10" type="stmt"/>
      <line num="41" count="10" type="stmt"/>
    </file>
    <file name="slice.js" path="/Users/ducanhpham/Desktop/tuni/COMP.SE.200-2023-2024-1/src/slice.js">
      <metrics statements="16" coveredstatements="13" conditionals="16" coveredconditionals="7" methods="1" coveredmethods="1"/>
      <line num="22" count="1" type="cond" truecount="1" falsecount="1"/>
      <line num="23" count="1" type="cond" truecount="1" falsecount="1"/>
      <line num="24" count="0" type="stmt"/>
      <line num="26" count="1" type="cond" truecount="1" falsecount="1"/>
      <line num="27" count="1" type="cond" truecount="1" falsecount="1"/>
      <line num="29" count="1" type="cond" truecount="1" falsecount="1"/>
      <line num="30" count="0" type="cond" truecount="0" falsecount="2"/>
      <line num="32" count="1" type="cond" truecount="1" falsecount="1"/>
      <line num="33" count="0" type="stmt"/>
      <line num="35" count="1" type="cond" truecount="1" falsecount="1"/>
      <line num="36" count="1" type="stmt"/>
      <line num="38" count="1" type="stmt"/>
      <line num="39" count="1" type="stmt"/>
      <line num="40" count="1" type="stmt"/>
      <line num="41" count="2" type="stmt"/>
      <line num="43" count="1" type="stmt"/>
    </file>
    <file name="toNumber.js" path="/Users/ducanhpham/Desktop/tuni/COMP.SE.200-2023-2024-1/src/toNumber.js">
      <metrics statements="18" coveredstatements="18" conditionals="22" coveredconditionals="21" methods="1" coveredmethods="1"/>
      <line num="5" count="1" type="stmt"/>
      <line num="8" count="1" type="stmt"/>
      <line num="11" count="1" type="stmt"/>
      <line num="14" count="1" type="stmt"/>
      <line num="17" count="1" type="stmt"/>
      <line num="20" count="1" type="stmt"/>
      <line num="45" count="25" type="cond" truecount="2" falsecount="0"/>
      <line num="46" count="5" type="stmt"/>
      <line num="48" count="20" type="cond" truecount="2" falsecount="0"/>
      <line num="49" count="1" type="stmt"/>
      <line num="51" count="19" type="cond" truecount="2" falsecount="0"/>
      <line num="52" count="5" type="cond" truecount="2" falsecount="0"/>
      <line num="53" count="5" type="cond" truecount="2" falsecount="0"/>
      <line num="55" count="19" type="cond" truecount="2" falsecount="0"/>
      <line num="56" count="5" type="cond" truecount="1" falsecount="1"/>
      <line num="58" count="14" type="stmt"/>
      <line num="59" count="14" type="stmt"/>
      <line num="60" count="14" type="cond" truecount="4" falsecount="0"/>
    </file>
    <file name="toString.js" path="/Users/ducanhpham/Desktop/tuni/COMP.SE.200-2023-2024-1/src/toString.js">
      <metrics statements="9" coveredstatements="9" conditionals="12" coveredconditionals="12" methods="2" coveredmethods="2"/>
      <line num="4" count="2" type="stmt"/>
      <line num="28" count="30" type="cond" truecount="2" falsecount="0"/>
      <line num="29" count="11" type="stmt"/>
      <line num="31" count="19" type="cond" truecount="2" falsecount="0"/>
      <line num="33" count="8" type="cond" truecount="2" falsecount="0"/>
      <line num="35" count="14" type="cond" truecount="2" falsecount="0"/>
      <line num="36" count="2" type="stmt"/>
      <line num="38" count="12" type="stmt"/>
      <line num="39" count="12" type="cond" truecount="4" falsecount="0"/>
    </file>
    <file name="upperFirst.js" path="/Users/ducanhpham/Desktop/tuni/COMP.SE.200-2023-2024-1/src/upperFirst.js">
      <metrics statements="1" coveredstatements="1" conditionals="0" coveredconditionals="0" methods="0" coveredmethods="0"/>
      <line num="19" count="1" type="stmt"/>
    </file>
  </project>
</coverage>
