TN:
SF:src/filter.js
FN:24,filter
FNF:1
FNH:1
FNDA:5,filter
DA:25,5
DA:26,5
DA:27,5
DA:28,5
DA:30,5
DA:31,6
DA:32,6
DA:33,3
DA:36,5
LF:9
LH:9
BRDA:27,0,0,1
BRDA:27,0,1,4
BRDA:32,1,0,3
BRDA:32,1,1,3
BRF:4
BRH:4
end_of_record
TN:
SF:src/isDate.js
FN:24,(anonymous_0)
FN:25,(anonymous_1)
FNF:2
FNH:1
FNDA:11,(anonymous_0)
FNDA:0,(anonymous_1)
DA:6,1
DA:23,1
DA:24,11
DA:25,0
LF:4
LH:3
BRDA:6,0,0,1
BRDA:6,0,1,1
BRDA:23,1,0,1
BRDA:23,1,1,0
BRDA:25,2,0,0
BRDA:25,2,1,0
BRF:6
BRH:3
end_of_record
TN:
SF:src/isObject.js
FN:24,isObject
FNF:1
FNH:1
FNDA:19,isObject
DA:25,19
DA:26,19
LF:2
LH:2
BRDA:26,0,0,19
BRDA:26,0,1,17
BRDA:26,0,2,11
BRF:3
BRH:3
end_of_record
TN:
SF:src/isObjectLike.js
FN:23,isObjectLike
FNF:1
FNH:0
FNDA:0,isObjectLike
DA:24,0
LF:1
LH:0
BRDA:24,0,0,0
BRDA:24,0,1,0
BRF:2
BRH:0
end_of_record
TN:
SF:src/isSymbol.js
FN:18,isSymbol
FNF:1
FNH:1
FNDA:26,isSymbol
DA:19,26
DA:20,26
LF:2
LH:2
BRDA:20,0,0,26
BRDA:20,0,1,24
BRDA:20,0,2,5
BRDA:20,0,3,4
BRF:4
BRH:4
end_of_record
TN:
SF:src/toNumber.js
FN:44,toNumber
FNF:1
FNH:1
FNDA:22,toNumber
DA:5,1
DA:8,1
DA:11,1
DA:14,1
DA:17,1
DA:20,1
DA:45,22
DA:46,5
DA:48,17
DA:49,1
DA:51,16
DA:52,3
DA:53,3
DA:55,16
DA:56,4
DA:58,12
DA:59,12
DA:60,12
LF:18
LH:18
BRDA:45,0,0,5
BRDA:45,0,1,17
BRDA:48,1,0,1
BRDA:48,1,1,16
BRDA:51,2,0,3
BRDA:51,2,1,13
BRDA:52,3,0,3
BRDA:52,3,1,0
BRDA:53,4,0,3
BRDA:53,4,1,0
BRDA:55,5,0,4
BRDA:55,5,1,12
BRDA:56,6,0,0
BRDA:56,6,1,4
BRDA:60,7,0,2
BRDA:60,7,1,10
BRDA:60,8,0,12
BRDA:60,8,1,11
BRDA:61,9,0,1
BRDA:61,9,1,1
BRDA:62,10,0,0
BRDA:62,10,1,10
BRF:22
BRH:18
end_of_record
TN:
SF:src/toString.js
FN:25,toString
FN:33,(anonymous_1)
FNF:2
FNH:2
FNDA:14,toString
FNDA:3,(anonymous_1)
DA:4,1
DA:28,14
DA:29,3
DA:31,11
DA:33,3
DA:35,9
DA:36,1
DA:38,8
DA:39,8
LF:9
LH:9
BRDA:28,0,0,3
BRDA:28,0,1,11
BRDA:31,1,0,2
BRDA:31,1,1,9
BRDA:33,2,0,0
BRDA:33,2,1,3
BRDA:35,3,0,1
BRDA:35,3,1,8
BRDA:39,4,0,1
BRDA:39,4,1,7
BRDA:39,5,0,8
BRDA:39,5,1,1
BRF:12
BRH:11
end_of_record
