TN:
SF:src/capitalize.js
FN:17,(anonymous_0)
FNF:1
FNH:1
FNDA:12,(anonymous_0)
DA:17,12
LF:1
LH:1
BRF:0
BRH:0
end_of_record
TN:
SF:src/clamp.js
FN:18,clamp
FNF:1
FNH:1
FNDA:5,clamp
DA:19,5
DA:20,5
DA:21,5
DA:22,5
DA:23,5
DA:24,5
DA:25,4
DA:26,4
DA:28,5
LF:9
LH:9
BRDA:22,0,0,3
BRDA:22,0,1,2
BRDA:23,1,0,4
BRDA:23,1,1,1
BRDA:24,2,0,4
BRDA:24,2,1,1
BRDA:25,3,0,0
BRDA:25,3,1,4
BRDA:26,4,0,1
BRDA:26,4,1,3
BRF:10
BRH:9
end_of_record
TN:
SF:src/eq.js
FN:31,eq
FNF:1
FNH:1
FNDA:19,eq
DA:32,19
LF:1
LH:1
BRDA:32,0,0,19
BRDA:32,0,1,8
BRDA:32,0,2,1
BRF:3
BRH:3
end_of_record
TN:
SF:src/filter.js
FN:24,filter
FNF:1
FNH:1
FNDA:5,filter
DA:25,5
DA:26,5
DA:27,5
DA:28,5
DA:30,5
DA:31,6
DA:32,6
DA:33,3
DA:36,5
LF:9
LH:9
BRDA:27,0,0,1
BRDA:27,0,1,4
BRDA:32,1,0,3
BRDA:32,1,1,3
BRF:4
BRH:4
end_of_record
TN:
SF:src/get.js
FN:27,get
FNF:1
FNH:1
FNDA:9,get
DA:28,9
DA:29,9
LF:2
LH:2
BRDA:28,0,0,2
BRDA:28,0,1,7
BRDA:29,1,0,5
BRDA:29,1,1,4
BRF:4
BRH:4
end_of_record
TN:
SF:src/isArguments.js
FN:19,isArguments
FNF:1
FNH:1
FNDA:2,isArguments
DA:20,2
LF:1
LH:1
BRDA:20,0,0,2
BRDA:20,0,1,2
BRF:2
BRH:2
end_of_record
TN:
SF:src/isArrayLike.js
FN:26,isArrayLike
FNF:1
FNH:1
FNDA:30,isArrayLike
DA:27,30
LF:1
LH:1
BRDA:27,0,0,30
BRDA:27,0,1,30
BRDA:27,0,2,30
BRF:3
BRH:3
end_of_record
TN:
SF:src/isBuffer.js
FN:33,(anonymous_0)
FNF:1
FNH:0
FNDA:0,(anonymous_0)
DA:4,2
DA:7,2
DA:10,2
DA:13,2
DA:16,2
DA:33,2
LF:6
LH:6
BRDA:4,0,0,2
BRDA:4,0,1,2
BRDA:4,0,2,2
BRDA:4,0,3,2
BRDA:7,1,0,2
BRDA:7,1,1,2
BRDA:7,1,2,2
BRDA:7,1,3,2
BRDA:7,1,4,2
BRDA:10,2,0,2
BRDA:10,2,1,2
BRDA:13,3,0,2
BRDA:13,3,1,0
BRDA:16,4,0,2
BRDA:16,4,1,0
BRDA:33,5,0,2
BRDA:33,5,1,0
BRF:17
BRH:14
end_of_record
TN:
SF:src/isDate.js
FN:24,(anonymous_0)
FN:25,(anonymous_1)
FNF:2
FNH:1
FNDA:11,(anonymous_0)
FNDA:0,(anonymous_1)
DA:6,1
DA:23,1
DA:24,11
DA:25,0
LF:4
LH:3
BRDA:6,0,0,1
BRDA:6,0,1,1
BRDA:23,1,0,1
BRDA:23,1,1,0
BRDA:25,2,0,0
BRDA:25,2,1,0
BRF:6
BRH:3
end_of_record
TN:
SF:src/isEmpty.js
FN:45,isEmpty
FNF:1
FNH:1
FNDA:24,isEmpty
DA:9,1
DA:46,24
DA:47,1
DA:49,23
DA:52,12
DA:54,11
DA:55,11
DA:56,4
DA:58,7
DA:59,1
DA:61,6
DA:62,2
DA:63,2
DA:66,4
LF:14
LH:14
BRDA:46,0,0,1
BRDA:46,0,1,23
BRDA:49,1,0,12
BRDA:49,1,1,11
BRDA:49,2,0,23
BRDA:49,2,1,12
BRDA:49,2,2,10
BRDA:49,2,3,6
BRDA:49,2,4,6
BRDA:49,2,5,4
BRDA:49,2,6,2
BRDA:55,3,0,4
BRDA:55,3,1,7
BRDA:55,4,0,11
BRDA:55,4,1,9
BRDA:58,5,0,1
BRDA:58,5,1,6
BRDA:62,6,0,2
BRDA:62,6,1,0
BRF:19
BRH:18
end_of_record
TN:
SF:src/isLength.js
FN:28,isLength
FNF:1
FNH:1
FNDA:30,isLength
DA:2,2
DA:29,30
LF:2
LH:2
BRDA:29,0,0,30
BRDA:29,0,1,13
BRDA:29,0,2,13
BRDA:29,0,3,13
BRF:4
BRH:4
end_of_record
TN:
SF:src/isObject.js
FN:24,isObject
FNF:1
FNH:1
FNDA:24,isObject
DA:25,24
DA:26,24
LF:2
LH:2
BRDA:26,0,0,24
BRDA:26,0,1,22
BRDA:26,0,2,13
BRF:3
BRH:3
end_of_record
TN:
SF:src/isObjectLike.js
FN:23,isObjectLike
FNF:1
FNH:1
FNDA:2,isObjectLike
DA:24,2
LF:1
LH:1
BRDA:24,0,0,2
BRDA:24,0,1,2
BRF:2
BRH:2
end_of_record
TN:
SF:src/isSymbol.js
FN:18,isSymbol
FNF:1
FNH:1
FNDA:39,isSymbol
DA:19,39
DA:20,39
LF:2
LH:2
BRDA:20,0,0,39
BRDA:20,0,1,36
BRDA:20,0,2,8
BRDA:20,0,3,7
BRF:4
BRH:4
end_of_record
TN:
SF:src/isTypedArray.js
FN:27,(anonymous_0)
FN:28,(anonymous_1)
FNF:2
FNH:1
FNDA:4,(anonymous_0)
FNDA:0,(anonymous_1)
DA:6,2
DA:9,2
DA:26,2
DA:27,4
DA:28,0
LF:5
LH:4
BRDA:9,0,0,2
BRDA:9,0,1,2
BRDA:26,1,0,2
BRDA:26,1,1,0
BRDA:28,2,0,0
BRDA:28,2,1,0
BRF:6
BRH:3
end_of_record
TN:
SF:src/keys.js
FN:31,keys
FNF:1
FNH:1
FNDA:3,keys
DA:32,3
LF:1
LH:1
BRDA:32,0,0,0
BRDA:32,0,1,3
BRF:2
BRH:1
end_of_record
TN:
SF:src/memoize.js
FN:43,memoize
FN:47,(anonymous_1)
FNF:2
FNH:2
FNDA:1,memoize
FNDA:5,(anonymous_1)
DA:44,1
DA:45,0
DA:47,1
DA:48,5
DA:49,5
DA:51,5
DA:52,1
DA:54,4
DA:55,4
DA:56,4
DA:58,1
DA:59,1
DA:62,1
LF:13
LH:12
BRDA:44,0,0,0
BRDA:44,0,1,1
BRDA:44,1,0,1
BRDA:44,1,1,1
BRDA:44,1,2,1
BRDA:48,2,0,5
BRDA:48,2,1,0
BRDA:51,3,0,1
BRDA:51,3,1,4
BRDA:55,4,0,4
BRDA:55,4,1,0
BRDA:58,5,0,1
BRDA:58,5,1,0
BRF:13
BRH:9
end_of_record
TN:
SF:src/reduce.js
FN:38,reduce
FNF:1
FNH:1
FNDA:10,reduce
DA:39,10
DA:40,10
DA:41,10
LF:3
LH:3
BRDA:39,0,0,6
BRDA:39,0,1,4
BRF:2
BRH:2
end_of_record
TN:
SF:src/slice.js
FN:21,slice
FNF:1
FNH:1
FNDA:1,slice
DA:22,1
DA:23,1
DA:24,0
DA:26,1
DA:27,1
DA:29,1
DA:30,0
DA:32,1
DA:33,0
DA:35,1
DA:36,1
DA:38,1
DA:39,1
DA:40,1
DA:41,2
DA:43,1
LF:16
LH:13
BRDA:22,0,0,0
BRDA:22,0,1,1
BRDA:23,1,0,0
BRDA:23,1,1,1
BRDA:26,2,0,0
BRDA:26,2,1,1
BRDA:27,3,0,0
BRDA:27,3,1,1
BRDA:29,4,0,0
BRDA:29,4,1,1
BRDA:30,5,0,0
BRDA:30,5,1,0
BRDA:32,6,0,0
BRDA:32,6,1,1
BRDA:35,7,0,0
BRDA:35,7,1,1
BRF:16
BRH:7
end_of_record
TN:
SF:src/toNumber.js
FN:44,toNumber
FNF:1
FNH:1
FNDA:25,toNumber
DA:5,1
DA:8,1
DA:11,1
DA:14,1
DA:17,1
DA:20,1
DA:45,25
DA:46,5
DA:48,20
DA:49,1
DA:51,19
DA:52,5
DA:53,5
DA:55,19
DA:56,5
DA:58,14
DA:59,14
DA:60,14
LF:18
LH:18
BRDA:45,0,0,5
BRDA:45,0,1,20
BRDA:48,1,0,1
BRDA:48,1,1,19
BRDA:51,2,0,5
BRDA:51,2,1,14
BRDA:52,3,0,4
BRDA:52,3,1,1
BRDA:53,4,0,4
BRDA:53,4,1,1
BRDA:55,5,0,5
BRDA:55,5,1,14
BRDA:56,6,0,0
BRDA:56,6,1,5
BRDA:60,7,0,2
BRDA:60,7,1,12
BRDA:60,8,0,14
BRDA:60,8,1,13
BRDA:61,9,0,1
BRDA:61,9,1,1
BRDA:62,10,0,1
BRDA:62,10,1,11
BRF:22
BRH:21
end_of_record
TN:
SF:src/toString.js
FN:25,toString
FN:33,(anonymous_1)
FNF:2
FNH:2
FNDA:30,toString
FNDA:8,(anonymous_1)
DA:4,2
DA:28,30
DA:29,11
DA:31,19
DA:33,8
DA:35,14
DA:36,2
DA:38,12
DA:39,12
LF:9
LH:9
BRDA:28,0,0,11
BRDA:28,0,1,19
BRDA:31,1,0,5
BRDA:31,1,1,14
BRDA:33,2,0,2
BRDA:33,2,1,6
BRDA:35,3,0,2
BRDA:35,3,1,12
BRDA:39,4,0,2
BRDA:39,4,1,10
BRDA:39,5,0,12
BRDA:39,5,1,2
BRF:12
BRH:12
end_of_record
TN:
SF:src/upperFirst.js
FNF:0
FNH:0
DA:19,1
LF:1
LH:1
BRF:0
BRH:0
end_of_record
